<?xml version="1.0" encoding="UTF-8"?>
<!-- Generated by org.testng.reporters.JUnitReportReporter -->
<testsuite hostname="DESKTOP-RDMBKPQ" failures="0" tests="1" name="testngpackage.Demo" time="0.013" errors="0" timestamp="2022-06-05T12:26:26 IST" skipped="0">
  <testcase classname="testngpackage.Demo" name="method1" time="0.013"/>
  <system-out/>
</testsuite> <!-- testngpackage.Demo -->
