<?xml version="1.0" encoding="UTF-8"?>
<!-- Generated by org.testng.reporters.JUnitReportReporter -->
<testsuite hostname="DESKTOP-RDMBKPQ" failures="0" tests="6" name="testngpackage.TestngFlag" time="0.043" errors="0" timestamp="2022-06-06T09:30:42 IST" skipped="0">
  <testcase classname="testngpackage.TestngFlag" name="it3" time="0.008"/>
  <system-out>
    <![CDATA[it3]]>
  </system-out>
  <testcase classname="testngpackage.TestngFlag" name="it5" time="0.005"/>
  <system-out>
    <![CDATA[it5]]>
  </system-out>
  <testcase classname="testngpackage.TestngFlag" name="it1" time="0.013"/>
  <system-out>
    <![CDATA[it1]]>
  </system-out>
  <testcase classname="testngpackage.TestngFlag" name="it2" time="0.004"/>
  <system-out>
    <![CDATA[it1]]>
  </system-out>
  <testcase classname="testngpackage.TestngFlag" name="it4" time="0.003"/>
  <system-out>
    <![CDATA[it4]]>
  </system-out>
  <testcase classname="testngpackage.TestngFlag" name="it6" time="0.010"/>
  <system-out>
    <![CDATA[it6]]>
  </system-out>
</testsuite> <!-- testngpackage.TestngFlag -->
