<?xml version="1.0" encoding="UTF-8"?>
<!-- Generated by org.testng.reporters.JUnitReportReporter -->
<testsuite hostname="DESKTOP-RDMBKPQ" failures="0" tests="1" name="testngpackage.suno" time="0.004" errors="0" timestamp="2022-06-05T12:21:34 IST" skipped="0">
  <testcase classname="testngpackage.suno" name="c" time="0.004"/>
  <system-out>
    <![CDATA[suno class method]]>
  </system-out>
</testsuite> <!-- testngpackage.suno -->
