<?xml version="1.0" encoding="UTF-8"?>
<!-- Generated by org.testng.reporters.JUnitReportReporter -->
<testsuite hostname="DESKTOP-RDMBKPQ" failures="0" tests="1" name="testngpackage.Remo" time="0.005" errors="0" timestamp="2022-06-05T12:21:34 IST" skipped="0">
  <testcase classname="testngpackage.Remo" name="b" time="0.005"/>
  <system-out>
    <![CDATA[Remo class method]]>
  </system-out>
</testsuite> <!-- testngpackage.Remo -->
