<?xml version="1.0" encoding="UTF-8"?>
<!-- Generated by org.testng.reporters.JUnitReportReporter -->
<testsuite hostname="DESKTOP-RDMBKPQ" failures="0" tests="1" name="testngpackage.Demo1" time="0.018" errors="0" timestamp="2022-06-05T12:21:34 IST" skipped="0">
  <testcase classname="testngpackage.Demo1" name="a" time="0.018"/>
  <system-out>
    <![CDATA[demo class method]]>
  </system-out>
</testsuite> <!-- testngpackage.Demo1 -->
